
> start
> webpack-dev-server --config webpack.config.cjs

<i> [webpack-dev-server] Project is running at:
<i> [webpack-dev-server] Loopback: http://localhost:8080/
<i> [webpack-dev-server] On Your Network (IPv4): http://192.168.0.2:8080/
<i> [webpack-dev-server] Content not from webpack is served from './' directory
assets by path *.js 243 KiB
  asset bundle.js 214 KiB [emitted] (name: main)
  asset package_wasm_id3_wasm_js.bundle.js 29.4 KiB [emitted]
asset 13c8e3e2a198d8381c6b.module.wasm 330 KiB [emitted] [immutable]
asset index.html 815 bytes [emitted] [from: index.html] [copied]
runtime modules 34 KiB 16 modules
modules by path ./node_modules/ 130 KiB
  modules by path ./node_modules/webpack-dev-server/client/ 71.8 KiB 16 modules
  modules by path ./node_modules/webpack/hot/*.js 5.56 KiB 4 modules
  modules by path ./node_modules/html-entities/dist/esm/*.js 33.5 KiB
    ./node_modules/html-entities/dist/esm/index.js 4.98 KiB [built] [code generated]
    + 3 modules
  ./node_modules/ansi-html-community/index.js 4.16 KiB [built] [code generated]
  ./node_modules/events/events.js 14.5 KiB [built] [code generated]
modules by path ../package/wasm/ 22.1 KiB (javascript) 330 KiB (webassembly)
  ../package/wasm/id3_wasm.js 176 bytes [built] [code generated]
  ../package/wasm/id3_wasm_bg.wasm 120 bytes (javascript) 330 KiB (webassembly) [built] [code generated]
  ../package/wasm/id3_wasm_bg.js 21.8 KiB [built] [code generated]
./index.js 2.64 KiB [built] [code generated]
webpack 5.104.1 compiled successfully in 1731 ms
